<?xml version="1.0" encoding="UTF-8"?>
<testng-results ignored="0" total="5" passed="5" failed="0" skipped="0">
  <reporter-output>
  </reporter-output>
  <suite started-at="2021-10-22T18:45:43 IST" name="Free CRM automation test" finished-at="2021-10-22T18:46:49 IST" duration-ms="66211">
    <groups>
    </groups>
    <test started-at="2021-10-22T18:45:43 IST" name="Default test" finished-at="2021-10-22T18:46:49 IST" duration-ms="66211">
      <class name="com.crm.qa.testcases.HomePageTest">
        <test-method is-config="true" signature="setup()[pri:0, instance:com.crm.qa.testcases.HomePageTest@209da20d]" started-at="2021-10-22T18:45:43 IST" name="setup" finished-at="2021-10-22T18:45:51 IST" duration-ms="8142" status="PASS">
          <reporter-output>
          </reporter-output>
        </test-method> <!-- setup -->
        <test-method signature="homePageTitleTest()[pri:1, instance:com.crm.qa.testcases.HomePageTest@209da20d]" started-at="2021-10-22T18:45:51 IST" name="homePageTitleTest" finished-at="2021-10-22T18:45:51 IST" duration-ms="21" status="PASS">
          <reporter-output>
          </reporter-output>
        </test-method> <!-- homePageTitleTest -->
        <test-method is-config="true" signature="teardown()[pri:0, instance:com.crm.qa.testcases.HomePageTest@209da20d]" started-at="2021-10-22T18:45:51 IST" name="teardown" finished-at="2021-10-22T18:45:51 IST" duration-ms="78" status="PASS">
          <reporter-output>
          </reporter-output>
        </test-method> <!-- teardown -->
        <test-method is-config="true" signature="setup()[pri:0, instance:com.crm.qa.testcases.HomePageTest@209da20d]" started-at="2021-10-22T18:45:51 IST" name="setup" finished-at="2021-10-22T18:45:57 IST" duration-ms="6459" status="PASS">
          <reporter-output>
          </reporter-output>
        </test-method> <!-- setup -->
        <test-method signature="ClickOnContactsTest()[pri:2, instance:com.crm.qa.testcases.HomePageTest@209da20d]" started-at="2021-10-22T18:45:57 IST" name="ClickOnContactsTest" finished-at="2021-10-22T18:46:06 IST" duration-ms="8336" status="PASS">
          <reporter-output>
          </reporter-output>
        </test-method> <!-- ClickOnContactsTest -->
        <test-method is-config="true" signature="teardown()[pri:0, instance:com.crm.qa.testcases.HomePageTest@209da20d]" started-at="2021-10-22T18:46:06 IST" name="teardown" finished-at="2021-10-22T18:46:10 IST" duration-ms="4147" status="PASS">
          <reporter-output>
          </reporter-output>
        </test-method> <!-- teardown -->
      </class> <!-- com.crm.qa.testcases.HomePageTest -->
      <class name="com.crm.qa.testcases.ContactsPageTest">
        <test-method is-config="true" signature="setup()[pri:0, instance:com.crm.qa.testcases.ContactsPageTest@2d710f1a]" started-at="2021-10-22T18:46:30 IST" name="setup" finished-at="2021-10-22T18:46:37 IST" duration-ms="7331" status="PASS">
          <reporter-output>
          </reporter-output>
        </test-method> <!-- setup -->
        <test-method signature="selectContactTest()[pri:3, instance:com.crm.qa.testcases.ContactsPageTest@2d710f1a]" started-at="2021-10-22T18:46:37 IST" name="selectContactTest" finished-at="2021-10-22T18:46:45 IST" duration-ms="7876" status="PASS">
          <reporter-output>
          </reporter-output>
        </test-method> <!-- selectContactTest -->
        <test-method is-config="true" signature="teardown()[pri:0, instance:com.crm.qa.testcases.ContactsPageTest@2d710f1a]" started-at="2021-10-22T18:46:45 IST" name="teardown" finished-at="2021-10-22T18:46:49 IST" duration-ms="4147" status="PASS">
          <reporter-output>
          </reporter-output>
        </test-method> <!-- teardown -->
      </class> <!-- com.crm.qa.testcases.ContactsPageTest -->
      <class name="com.crm.qa.testcases.LoginPageTest">
        <test-method is-config="true" signature="setup()[pri:0, instance:com.crm.qa.testcases.LoginPageTest@d9345cd]" started-at="2021-10-22T18:46:10 IST" name="setup" finished-at="2021-10-22T18:46:16 IST" duration-ms="6095" status="PASS">
          <reporter-output>
          </reporter-output>
        </test-method> <!-- setup -->
        <test-method signature="LoginPageTitleTest()[pri:1, instance:com.crm.qa.testcases.LoginPageTest@d9345cd]" started-at="2021-10-22T18:46:16 IST" name="LoginPageTitleTest" finished-at="2021-10-22T18:46:16 IST" duration-ms="26" status="PASS">
          <reporter-output>
          </reporter-output>
        </test-method> <!-- LoginPageTitleTest -->
        <test-method is-config="true" signature="tearDown()[pri:0, instance:com.crm.qa.testcases.LoginPageTest@d9345cd]" started-at="2021-10-22T18:46:16 IST" name="tearDown" finished-at="2021-10-22T18:46:16 IST" duration-ms="242" status="PASS">
          <reporter-output>
          </reporter-output>
        </test-method> <!-- tearDown -->
        <test-method is-config="true" signature="setup()[pri:0, instance:com.crm.qa.testcases.LoginPageTest@d9345cd]" started-at="2021-10-22T18:46:16 IST" name="setup" finished-at="2021-10-22T18:46:22 IST" duration-ms="5805" status="PASS">
          <reporter-output>
          </reporter-output>
        </test-method> <!-- setup -->
        <test-method signature="loginTest()[pri:2, instance:com.crm.qa.testcases.LoginPageTest@d9345cd]" started-at="2021-10-22T18:46:22 IST" name="loginTest" finished-at="2021-10-22T18:46:29 IST" duration-ms="7284" status="PASS">
          <reporter-output>
          </reporter-output>
        </test-method> <!-- loginTest -->
        <test-method is-config="true" signature="tearDown()[pri:0, instance:com.crm.qa.testcases.LoginPageTest@d9345cd]" started-at="2021-10-22T18:46:29 IST" name="tearDown" finished-at="2021-10-22T18:46:30 IST" duration-ms="168" status="PASS">
          <reporter-output>
          </reporter-output>
        </test-method> <!-- tearDown -->
      </class> <!-- com.crm.qa.testcases.LoginPageTest -->
    </test> <!-- Default test -->
  </suite> <!-- Free CRM automation test -->
</testng-results>
