<?xml version="1.0" encoding="UTF-8"?>
<!-- Generated by org.testng.reporters.JUnitXMLReporter -->
<testsuite ignored="0" hostname="DESKTOP-PGQ2JRL" failures="0" tests="5" name="Default test" time="66.211" errors="0" timestamp="2021-10-22T18:46:49 IST">
  <testcase classname="com.crm.qa.testcases.HomePageTest" name="homePageTitleTest" time="0.021"/>
  <testcase classname="com.crm.qa.testcases.HomePageTest" name="ClickOnContactsTest" time="8.336"/>
  <testcase classname="com.crm.qa.testcases.LoginPageTest" name="LoginPageTitleTest" time="0.026"/>
  <testcase classname="com.crm.qa.testcases.LoginPageTest" name="loginTest" time="7.284"/>
  <testcase classname="com.crm.qa.testcases.ContactsPageTest" name="selectContactTest" time="7.876"/>
</testsuite> <!-- Default test -->
